c:\users\belmo\onedrive\área de trabalho\códigos_game\code-master\chapter02\debug\vc142.pdb
c:\users\belmo\onedrive\área de trabalho\códigos_game\code-master\chapter02\debug\vc142.idb
c:\users\belmo\onedrive\área de trabalho\códigos_game\code-master\chapter02\debug\spritecomponent.obj
c:\users\belmo\onedrive\área de trabalho\códigos_game\code-master\chapter02\debug\ship.obj
c:\users\belmo\onedrive\área de trabalho\códigos_game\code-master\chapter02\debug\math.obj
c:\users\belmo\onedrive\área de trabalho\códigos_game\code-master\chapter02\debug\main.obj
c:\users\belmo\onedrive\área de trabalho\códigos_game\code-master\chapter02\debug\game.obj
c:\users\belmo\onedrive\área de trabalho\códigos_game\code-master\chapter02\debug\component.obj
c:\users\belmo\onedrive\área de trabalho\códigos_game\code-master\chapter02\debug\bgspritecomponent.obj
c:\users\belmo\onedrive\área de trabalho\códigos_game\code-master\chapter02\debug\animspritecomponent.obj
c:\users\belmo\onedrive\área de trabalho\códigos_game\code-master\chapter02\debug\actor.obj
d:\fei\jogos digitais\chapter02\debug\vc143.pdb
d:\fei\jogos digitais\chapter02\debug\vc143.idb
d:\fei\jogos digitais\chapter02\debug\spritecomponent.obj
d:\fei\jogos digitais\chapter02\debug\ship.obj
d:\fei\jogos digitais\chapter02\debug\math.obj
d:\fei\jogos digitais\chapter02\debug\main.obj
d:\fei\jogos digitais\chapter02\debug\game.obj
d:\fei\jogos digitais\chapter02\debug\component.obj
d:\fei\jogos digitais\chapter02\debug\bgspritecomponent.obj
d:\fei\jogos digitais\chapter02\debug\animspritecomponent.obj
d:\fei\jogos digitais\chapter02\debug\actor.obj
c:\users\belmo\onedrive\área de trabalho\códigos_game\code-master\chapter02\debug\game.exe
c:\users\belmo\onedrive\área de trabalho\códigos_game\code-master\chapter02\debug\game.ilk
c:\users\belmo\onedrive\área de trabalho\códigos_game\code-master\chapter02\debug\game.pdb
d:\fei\jogos digitais\chapter02\debug\game.ilk
d:\fei\jogos digitais\chapter02\debug\game.exe
d:\fei\jogos digitais\chapter02\debug\game.pdb
d:\fei\jogos digitais\chapter02\debug\bgspritecomponent-desktop-dk2dtuv.obj
d:\fei\jogos digitais\chapter02\debug\bgspritecomponent.obj.enc
d:\fei\jogos digitais\chapter02\debug\game-desktop-dk2dtuv.ilk
d:\fei\jogos digitais\chapter02\debug\vc142.idb
d:\fei\jogos digitais\chapter02\debug\vc142.pdb
d:\fei\jogos digitais\chapter02\debug\game.tlog\cl.command.1.tlog
d:\fei\jogos digitais\chapter02\debug\game.tlog\cl.read.1.tlog
d:\fei\jogos digitais\chapter02\debug\game.tlog\cl.write.1.tlog
d:\fei\jogos digitais\chapter02\debug\game.tlog\link.command.1.tlog
d:\fei\jogos digitais\chapter02\debug\game.tlog\link.read.1.tlog
d:\fei\jogos digitais\chapter02\debug\game.tlog\link.write.1.tlog
